2620*6343=16618660
18
216+1149=1365
13
7761-5655=2106
14
7168-3961=3207
14
9755+3461=13216
15
9303+1617=10920
15
2644+274=2918
13
5959*5822=34693298
18
727*2106=1531062
16
8801*6103=53712503
18
1074*7558=8117292
17
5311*3362=17855582
18
9831*8685=85382235
18
8323*7534=62705482
18
2274-3201=-927
14
6879-1691=5188
14
4615-5358=-743
14
7179-5712=1467
14
5079-7186=-2107
15
2942-1540=1402
14
7365+5932=13297
15
6106+4150=10256
15
6029+3705=9734
14
7933+3773=11706
15
1744+9199=10943
15
3392+7815=11207
15
407+7594=8001
13
5261+5569=10830
15
7124+4780=11904
15
6210+6762=12972
15
2655+3559=6214
14
9982*8521=85056622
18
6779*7285=49385015
18
3922*406=1592332
16
5968-5627=341
13
4878*831=4053618
16
2946*7129=21002034
18
4251*1035=4399785
17
7269*6391=46456179
18
7681*1516=11644396
18
3246+2563=5809
14
8045+3370=11415
15
5908+8263=14171
15
9022*6608=59617376
18
3980-1593=2387
14
1904-3328=-1424
15
7330-7777=-447
14
8796+8261=17057
15
8602+274=8876
13
3869+7732=11601
15
